Using pre-set license

 COMMAND LINE ARGUMENTS:
/Applications/Unity/Hub/Editor/2020.2.3f1/Unity.app/Contents/MacOS/Unity
-adb2
-batchMode
-noUpm
-name
AssetImportWorker0
-projectPath
/Users/tobywilliams/Downloads/School/2DPinball/2DPinball
-logFile
Logs/AssetImportWorker0.log
-srvPort
54186
Successfully changed project path to: /Users/tobywilliams/Downloads/School/2DPinball/2DPinball
/Users/tobywilliams/Downloads/School/2DPinball/2DPinball
Using Asset Import Pipeline V2.
Refreshing native plugins compatible for Editor in 24.85 ms, found 1 plugins.
Preloading 0 native plugins for Editor in 0.00 ms.
Initialize engine version: 2020.2.3f1 (8ff31bc5bf5b)
[Subsystems] Discovering subsystems at path /Applications/Unity/Hub/Editor/2020.2.3f1/Unity.app/Contents/Resources/UnitySubsystems
[Subsystems] Discovering subsystems at path /Users/tobywilliams/Downloads/School/2DPinball/2DPinball/Assets
GfxDevice: creating device client; threaded=0
2021-02-05 12:15:25.985 Unity[3370:296496] Color LCD preferred device: AMD Radeon Pro 560X (high power)
2021-02-05 12:15:25.985 Unity[3370:296496] Metal devices available: 2
2021-02-05 12:15:25.985 Unity[3370:296496] 0: AMD Radeon Pro 560X (high power)
2021-02-05 12:15:25.985 Unity[3370:296496] 1: Intel(R) UHD Graphics 630 (low power)
2021-02-05 12:15:25.985 Unity[3370:296496] Using device AMD Radeon Pro 560X (high power)
Initializing Metal device caps: AMD Radeon Pro 560X
Initialize mono
Mono path[0] = '/Applications/Unity/Hub/Editor/2020.2.3f1/Unity.app/Contents/Managed'
Mono path[1] = '/Applications/Unity/Hub/Editor/2020.2.3f1/Unity.app/Contents/MonoBleedingEdge/lib/mono/unityjit'
Mono config path = '/Applications/Unity/Hub/Editor/2020.2.3f1/Unity.app/Contents/MonoBleedingEdge/etc'
Using monoOptions --debugger-agent=transport=dt_socket,embedding=1,server=y,suspend=n,address=127.0.0.1:56370
Begin MonoManager ReloadAssembly
Registering precompiled unity dll's ...
Register platform support module: /Applications/Unity/Hub/Editor/2020.2.3f1/Unity.app/Contents/PlaybackEngines/MacStandaloneSupport/UnityEditor.OSXStandalone.Extensions.dll
Register platform support module: /Applications/Unity/Hub/Editor/2020.2.3f1/PlaybackEngines/WindowsStandaloneSupport/UnityEditor.WindowsStandalone.Extensions.dll
Registered in 0.000611 seconds.
Native extension for WindowsStandalone target not found
Native extension for OSXStandalone target not found
Refreshing native plugins compatible for Editor in 21.68 ms, found 1 plugins.
Preloading 0 native plugins for Editor in 0.00 ms.
Invoked RoslynAnalysisRunner static constructor.
RoslynAnalysisRunner will not be running.
RoslynAnalysisRunner has terminated.
Mono: successfully reloaded assembly
- Completed reload, in  1.708 seconds
Platform modules already initialized, skipping
Registering precompiled user dll's ...
Registered in 0.000326 seconds.
Begin MonoManager ReloadAssembly
Native extension for WindowsStandalone target not found
Native extension for OSXStandalone target not found
Refreshing native plugins compatible for Editor in 0.20 ms, found 1 plugins.
Preloading 0 native plugins for Editor in 0.00 ms.
Invoked RoslynAnalysisRunner static constructor.
RoslynAnalysisRunner will not be running.
RoslynAnalysisRunner has terminated.
Mono: successfully reloaded assembly
- Completed reload, in  0.844 seconds
Platform modules already initialized, skipping
========================================================================
Worker process is ready to serve import requests
Launching external process: /Applications/Unity/Hub/Editor/2020.2.3f1/Unity.app/Contents/Tools/UnityShaderCompiler
Launched and connected shader compiler UnityShaderCompiler after 0.01 seconds
Refreshing native plugins compatible for Editor in 0.22 ms, found 1 plugins.
Preloading 0 native plugins for Editor in 0.00 ms.
Unloading 1114 Unused Serialized files (Serialized files now loaded: 0)
System memory in use before: 109.5 MB.
System memory in use after: 109.6 MB.

Unloading 9 unused Assets to reduce memory usage. Loaded Objects now: 1556.
Total: 2.440730 ms (FindLiveObjects: 0.213436 ms CreateObjectMapping: 0.065542 ms MarkObjects: 2.083014 ms  DeleteObjects: 0.077066 ms)

========================================================================
Received Import Request.
  path: Assets/Scenes/Sample Scene.unity
  artifactKey: Guid(00a40ed33f677460e997b564fa227c8a) Importer(815301076,1909f56bfc062723c751e8b465ee728b)
Start importing Assets/Scenes/Sample Scene.unity using Guid(00a40ed33f677460e997b564fa227c8a) Importer(815301076,1909f56bfc062723c751e8b465ee728b)  -> (artifact id: 'bfa2a2a5de9ff9f0f891c1d18c1aad22') in 0.012361 seconds
  Import took 0.015026 seconds .

========================================================================
Received Prepare
Registering precompiled user dll's ...
Registered in 0.000439 seconds.
Begin MonoManager ReloadAssembly
Native extension for WindowsStandalone target not found
Native extension for OSXStandalone target not found
Refreshing native plugins compatible for Editor in 0.41 ms, found 1 plugins.
Preloading 0 native plugins for Editor in 0.00 ms.
Invoked RoslynAnalysisRunner static constructor.
RoslynAnalysisRunner will not be running.
RoslynAnalysisRunner has terminated.
Mono: successfully reloaded assembly
- Completed reload, in  0.813 seconds
Platform modules already initialized, skipping
Refreshing native plugins compatible for Editor in 0.23 ms, found 1 plugins.
Preloading 0 native plugins for Editor in 0.00 ms.
Unloading 1108 Unused Serialized files (Serialized files now loaded: 0)
System memory in use before: 109.4 MB.
System memory in use after: 109.5 MB.

Unloading 4 unused Assets to reduce memory usage. Loaded Objects now: 1558.
Total: 1.850529 ms (FindLiveObjects: 0.156341 ms CreateObjectMapping: 0.033620 ms MarkObjects: 1.638291 ms  DeleteObjects: 0.021433 ms)

========================================================================
Received Import Request.
  Time since last request: 191.171326 seconds.
  path: Assets/Scripts/AnimateController.cs
  artifactKey: Guid(e5a8792b86f33495497635c2bfee9cab) Importer(815301076,1909f56bfc062723c751e8b465ee728b)
Start importing Assets/Scripts/AnimateController.cs using Guid(e5a8792b86f33495497635c2bfee9cab) Importer(815301076,1909f56bfc062723c751e8b465ee728b)  -> (artifact id: '3c772ac90677e2d7b4b5960e71ec71d2') in 0.523392 seconds
  Import took 0.525378 seconds .

